c:\personal data\spring 2015\cloud computing\project\operatorsconsole\liveobjects_3\debug\liveobjects_3.pch
c:\personal data\spring 2015\cloud computing\project\operatorsconsole\liveobjects_3\debug\vc120.pdb
c:\personal data\spring 2015\cloud computing\project\operatorsconsole\liveobjects_3\debug\vc120.idb
c:\personal data\spring 2015\cloud computing\project\operatorsconsole\liveobjects_3\debug\stdafx.obj
c:\personal data\spring 2015\cloud computing\project\operatorsconsole\liveobjects_3\debug\dllmain.obj
c:\personal data\spring 2015\cloud computing\project\operatorsconsole\liveobjects_3\debug\liveobjects_3.obj
c:\personal data\spring 2015\cloud computing\project\operatorsconsole\liveobjects_3\debug\uplink.obj
c:\personal data\spring 2015\cloud computing\project\operatorsconsole\debug\liveobjects_3.ilk
c:\personal data\spring 2015\cloud computing\project\operatorsconsole\debug\liveobjects_3.dll
c:\personal data\spring 2015\cloud computing\project\operatorsconsole\debug\liveobjects_3.pdb
c:\personal data\spring 2015\cloud computing\project\operatorsconsole\debug\liveobjects_3.lib
c:\personal data\spring 2015\cloud computing\project\operatorsconsole\debug\liveobjects_3.exp
c:\personal data\spring 2015\cloud computing\project\operatorsconsole\liveobjects_3\debug\liveobjects_3.res
c:\personal data\spring 2015\cloud computing\project\operatorsconsole\liveobjects_3\debug\liveobjects_3.tlog\cl.command.1.tlog
c:\personal data\spring 2015\cloud computing\project\operatorsconsole\liveobjects_3\debug\liveobjects_3.tlog\cl.read.1.tlog
c:\personal data\spring 2015\cloud computing\project\operatorsconsole\liveobjects_3\debug\liveobjects_3.tlog\cl.write.1.tlog
c:\personal data\spring 2015\cloud computing\project\operatorsconsole\liveobjects_3\debug\liveobjects_3.tlog\link.command.1.tlog
c:\personal data\spring 2015\cloud computing\project\operatorsconsole\liveobjects_3\debug\liveobjects_3.tlog\link.read.1.tlog
c:\personal data\spring 2015\cloud computing\project\operatorsconsole\liveobjects_3\debug\liveobjects_3.tlog\link.write.1.tlog
c:\personal data\spring 2015\cloud computing\project\operatorsconsole\liveobjects_3\debug\liveobjects_3.tlog\liveobjects_3.write.1u.tlog
c:\personal data\spring 2015\cloud computing\project\operatorsconsole\liveobjects_3\debug\liveobjects_3.tlog\rc.command.1.tlog
c:\personal data\spring 2015\cloud computing\project\operatorsconsole\liveobjects_3\debug\liveobjects_3.tlog\rc.read.1.tlog
c:\personal data\spring 2015\cloud computing\project\operatorsconsole\liveobjects_3\debug\liveobjects_3.tlog\rc.write.1.tlog
