c:\personal data\spring 2015\cloud computing\project\operatorsconsole\liveobjects_2\debug\liveobjects_2.pch
c:\personal data\spring 2015\cloud computing\project\operatorsconsole\liveobjects_2\debug\vc120.pdb
c:\personal data\spring 2015\cloud computing\project\operatorsconsole\liveobjects_2\debug\vc120.idb
c:\personal data\spring 2015\cloud computing\project\operatorsconsole\liveobjects_2\debug\stdafx.obj
c:\personal data\spring 2015\cloud computing\project\operatorsconsole\liveobjects_2\debug\liveobjects_2.obj
c:\personal data\spring 2015\cloud computing\project\operatorsconsole\debug\liveobjects_2.ilk
c:\personal data\spring 2015\cloud computing\project\operatorsconsole\debug\liveobjects_2.dll
c:\personal data\spring 2015\cloud computing\project\operatorsconsole\debug\liveobjects_2.pdb
c:\personal data\spring 2015\cloud computing\project\operatorsconsole\debug\liveobjects_2.lib
c:\personal data\spring 2015\cloud computing\project\operatorsconsole\debug\liveobjects_2.exp
c:\personal data\spring 2015\cloud computing\project\operatorsconsole\liveobjects_2\debug\liveobjects_2.res
c:\personal data\spring 2015\cloud computing\project\operatorsconsole\liveobjects_2\debug\liveobjects_2.tlog\cl.command.1.tlog
c:\personal data\spring 2015\cloud computing\project\operatorsconsole\liveobjects_2\debug\liveobjects_2.tlog\cl.read.1.tlog
c:\personal data\spring 2015\cloud computing\project\operatorsconsole\liveobjects_2\debug\liveobjects_2.tlog\cl.write.1.tlog
c:\personal data\spring 2015\cloud computing\project\operatorsconsole\liveobjects_2\debug\liveobjects_2.tlog\link.command.1.tlog
c:\personal data\spring 2015\cloud computing\project\operatorsconsole\liveobjects_2\debug\liveobjects_2.tlog\link.read.1.tlog
c:\personal data\spring 2015\cloud computing\project\operatorsconsole\liveobjects_2\debug\liveobjects_2.tlog\link.write.1.tlog
c:\personal data\spring 2015\cloud computing\project\operatorsconsole\liveobjects_2\debug\liveobjects_2.tlog\liveobjects_2.write.1u.tlog
c:\personal data\spring 2015\cloud computing\project\operatorsconsole\liveobjects_2\debug\liveobjects_2.tlog\rc.command.1.tlog
c:\personal data\spring 2015\cloud computing\project\operatorsconsole\liveobjects_2\debug\liveobjects_2.tlog\rc.read.1.tlog
c:\personal data\spring 2015\cloud computing\project\operatorsconsole\liveobjects_2\debug\liveobjects_2.tlog\rc.write.1.tlog
