c:\personal data\spring 2015\cloud computing\project\operatorsconsole\externaldependencies\baseclasses\debug\vc120.pdb
c:\personal data\spring 2015\cloud computing\project\operatorsconsole\externaldependencies\baseclasses\debug\vc120.idb
c:\personal data\spring 2015\cloud computing\project\operatorsconsole\externaldependencies\baseclasses\debug\outputq.obj
c:\personal data\spring 2015\cloud computing\project\operatorsconsole\externaldependencies\baseclasses\debug\perflog.obj
c:\personal data\spring 2015\cloud computing\project\operatorsconsole\externaldependencies\baseclasses\debug\pstream.obj
c:\personal data\spring 2015\cloud computing\project\operatorsconsole\externaldependencies\baseclasses\debug\pullpin.obj
c:\personal data\spring 2015\cloud computing\project\operatorsconsole\externaldependencies\baseclasses\debug\refclock.obj
c:\personal data\spring 2015\cloud computing\project\operatorsconsole\externaldependencies\baseclasses\debug\renbase.obj
c:\personal data\spring 2015\cloud computing\project\operatorsconsole\externaldependencies\baseclasses\debug\schedule.obj
c:\personal data\spring 2015\cloud computing\project\operatorsconsole\externaldependencies\baseclasses\debug\seekpt.obj
c:\personal data\spring 2015\cloud computing\project\operatorsconsole\externaldependencies\baseclasses\debug\source.obj
c:\personal data\spring 2015\cloud computing\project\operatorsconsole\externaldependencies\baseclasses\debug\strmctl.obj
c:\personal data\spring 2015\cloud computing\project\operatorsconsole\externaldependencies\baseclasses\debug\sysclock.obj
c:\personal data\spring 2015\cloud computing\project\operatorsconsole\externaldependencies\baseclasses\debug\transfrm.obj
c:\personal data\spring 2015\cloud computing\project\operatorsconsole\externaldependencies\baseclasses\debug\transip.obj
c:\personal data\spring 2015\cloud computing\project\operatorsconsole\externaldependencies\baseclasses\debug\videoctl.obj
c:\personal data\spring 2015\cloud computing\project\operatorsconsole\externaldependencies\baseclasses\debug\vtrans.obj
c:\personal data\spring 2015\cloud computing\project\operatorsconsole\externaldependencies\baseclasses\debug\winctrl.obj
c:\personal data\spring 2015\cloud computing\project\operatorsconsole\externaldependencies\baseclasses\debug\winutil.obj
c:\personal data\spring 2015\cloud computing\project\operatorsconsole\externaldependencies\baseclasses\debug\wxdebug.obj
c:\personal data\spring 2015\cloud computing\project\operatorsconsole\externaldependencies\baseclasses\debug\wxlist.obj
c:\personal data\spring 2015\cloud computing\project\operatorsconsole\externaldependencies\baseclasses\debug\wxutil.obj
c:\personal data\spring 2015\cloud computing\project\operatorsconsole\externaldependencies\baseclasses\debug\amextra.obj
c:\personal data\spring 2015\cloud computing\project\operatorsconsole\externaldependencies\baseclasses\debug\amfilter.obj
c:\personal data\spring 2015\cloud computing\project\operatorsconsole\externaldependencies\baseclasses\debug\amvideo.obj
c:\personal data\spring 2015\cloud computing\project\operatorsconsole\externaldependencies\baseclasses\debug\arithutil.obj
c:\personal data\spring 2015\cloud computing\project\operatorsconsole\externaldependencies\baseclasses\debug\combase.obj
c:\personal data\spring 2015\cloud computing\project\operatorsconsole\externaldependencies\baseclasses\debug\cprop.obj
c:\personal data\spring 2015\cloud computing\project\operatorsconsole\externaldependencies\baseclasses\debug\ctlutil.obj
c:\personal data\spring 2015\cloud computing\project\operatorsconsole\externaldependencies\baseclasses\debug\ddmm.obj
c:\personal data\spring 2015\cloud computing\project\operatorsconsole\externaldependencies\baseclasses\debug\dllentry.obj
c:\personal data\spring 2015\cloud computing\project\operatorsconsole\externaldependencies\baseclasses\debug\dllsetup.obj
c:\personal data\spring 2015\cloud computing\project\operatorsconsole\externaldependencies\baseclasses\debug\mtype.obj
c:\personal data\spring 2015\cloud computing\project\operatorsconsole\externaldependencies\baseclasses\debug\strmbasd.lib
c:\personal data\spring 2015\cloud computing\project\operatorsconsole\externaldependencies\baseclasses\debug\baseclasses.tlog\cl.command.1.tlog
c:\personal data\spring 2015\cloud computing\project\operatorsconsole\externaldependencies\baseclasses\debug\baseclasses.tlog\cl.read.1.tlog
c:\personal data\spring 2015\cloud computing\project\operatorsconsole\externaldependencies\baseclasses\debug\baseclasses.tlog\cl.write.1.tlog
c:\personal data\spring 2015\cloud computing\project\operatorsconsole\externaldependencies\baseclasses\debug\baseclasses.tlog\lib-link.read.1.tlog
c:\personal data\spring 2015\cloud computing\project\operatorsconsole\externaldependencies\baseclasses\debug\baseclasses.tlog\lib-link.write.1.tlog
c:\personal data\spring 2015\cloud computing\project\operatorsconsole\externaldependencies\baseclasses\debug\baseclasses.tlog\lib.command.1.tlog
