c:\personal data\spring 2015\cloud computing\project\operatorsconsole\liveobjects_5\debug\liveobjects_5.pch
c:\personal data\spring 2015\cloud computing\project\operatorsconsole\liveobjects_5\debug\vc120.pdb
c:\personal data\spring 2015\cloud computing\project\operatorsconsole\liveobjects_5\debug\stdafx.obj
c:\personal data\spring 2015\cloud computing\project\operatorsconsole\liveobjects_5\debug\multithreadedqueue.obj
c:\personal data\spring 2015\cloud computing\project\operatorsconsole\liveobjects_5\debug\movie_ui.obj
c:\personal data\spring 2015\cloud computing\project\operatorsconsole\liveobjects_5\debug\memstream.obj
c:\personal data\spring 2015\cloud computing\project\operatorsconsole\liveobjects_5\debug\liveobjects_5.obj
c:\personal data\spring 2015\cloud computing\project\operatorsconsole\liveobjects_5\debug\listener.obj
c:\personal data\spring 2015\cloud computing\project\operatorsconsole\liveobjects_5\debug\library.obj
c:\personal data\spring 2015\cloud computing\project\operatorsconsole\liveobjects_5\debug\file.obj
c:\personal data\spring 2015\cloud computing\project\operatorsconsole\liveobjects_5\debug\core.obj
c:\personal data\spring 2015\cloud computing\project\operatorsconsole\liveobjects_5\debug\controller.obj
c:\personal data\spring 2015\cloud computing\project\operatorsconsole\liveobjects_5\debug\connection.obj
c:\personal data\spring 2015\cloud computing\project\operatorsconsole\liveobjects_5\debug\clock.obj
c:\personal data\spring 2015\cloud computing\project\operatorsconsole\liveobjects_5\debug\channel.obj
c:\personal data\spring 2015\cloud computing\project\operatorsconsole\liveobjects_5\debug\buffer.obj
c:\personal data\spring 2015\cloud computing\project\operatorsconsole\liveobjects_5\debug\asyncrequest.obj
c:\personal data\spring 2015\cloud computing\project\operatorsconsole\liveobjects_5\debug\asyncreader.obj
c:\personal data\spring 2015\cloud computing\project\operatorsconsole\liveobjects_5\debug\asyncoutputpin.obj
c:\personal data\spring 2015\cloud computing\project\operatorsconsole\liveobjects_5\debug\asyncio.obj
c:\personal data\spring 2015\cloud computing\project\operatorsconsole\liveobjects_5\debug\asyncfilter.obj
c:\personal data\spring 2015\cloud computing\project\operatorsconsole\liveobjects_5\debug\assemblyinfo.obj
c:\personal data\spring 2015\cloud computing\project\operatorsconsole\liveobjects_5\debug\applicationconnection.obj
c:\personal data\spring 2015\cloud computing\project\operatorsconsole\liveobjects_5\debug\video.obj
c:\personal data\spring 2015\cloud computing\project\operatorsconsole\liveobjects_5\debug\transmitter.obj
c:\personal data\spring 2015\cloud computing\project\operatorsconsole\liveobjects_5\debug\sender.obj
c:\personal data\spring 2015\cloud computing\project\operatorsconsole\liveobjects_5\debug\receivebuffer.obj
c:\personal data\spring 2015\cloud computing\project\operatorsconsole\liveobjects_5\debug\packetstream.obj
c:\personal data\spring 2015\cloud computing\project\operatorsconsole\liveobjects_5\debug\packetreader.obj
c:\personal data\spring 2015\cloud computing\project\operatorsconsole\liveobjects_5\debug\packet.obj
c:\personal data\spring 2015\cloud computing\project\operatorsconsole\liveobjects_5\debug\nonblockingqueue.obj
c:\personal data\spring 2015\cloud computing\project\operatorsconsole\liveobjects_5\debug\.netframework,version=v4.0.assemblyattributes.obj
c:\personal data\spring 2015\cloud computing\project\operatorsconsole\debug\liveobjects_5.dll
c:\personal data\spring 2015\cloud computing\project\operatorsconsole\debug\liveobjects_5.pdb
c:\personal data\spring 2015\cloud computing\project\operatorsconsole\debug\liveobjects_1.dll
c:\personal data\spring 2015\cloud computing\project\operatorsconsole\debug\liveobjects_4.dll
c:\personal data\spring 2015\cloud computing\project\operatorsconsole\debug\liveobjects_4.pdb
c:\personal data\spring 2015\cloud computing\project\operatorsconsole\debug\liveobjects_1.pdb
c:\personal data\spring 2015\cloud computing\project\operatorsconsole\debug\liveobjects_5.lib
c:\personal data\spring 2015\cloud computing\project\operatorsconsole\debug\liveobjects_5.exp
c:\personal data\spring 2015\cloud computing\project\operatorsconsole\liveobjects_5\debug\liveobjects_5.tlog\metagen.write.1.tlog
c:\personal data\spring 2015\cloud computing\project\operatorsconsole\liveobjects_5\debug\app.res
c:\personal data\spring 2015\cloud computing\project\operatorsconsole\liveobjects_5\debug\liveobjects_5.vcxprojresolveassemblyreference.cache
c:\personal data\spring 2015\cloud computing\project\operatorsconsole\liveobjects_5\debug\liveobjects_5.tlog\cl.command.1.tlog
c:\personal data\spring 2015\cloud computing\project\operatorsconsole\liveobjects_5\debug\liveobjects_5.tlog\cl.read.1.tlog
c:\personal data\spring 2015\cloud computing\project\operatorsconsole\liveobjects_5\debug\liveobjects_5.tlog\cl.write.1.tlog
c:\personal data\spring 2015\cloud computing\project\operatorsconsole\liveobjects_5\debug\liveobjects_5.tlog\link.command.1.tlog
c:\personal data\spring 2015\cloud computing\project\operatorsconsole\liveobjects_5\debug\liveobjects_5.tlog\link.read.1.tlog
c:\personal data\spring 2015\cloud computing\project\operatorsconsole\liveobjects_5\debug\liveobjects_5.tlog\link.write.1.tlog
c:\personal data\spring 2015\cloud computing\project\operatorsconsole\liveobjects_5\debug\liveobjects_5.tlog\liveobjects_5.write.1u.tlog
c:\personal data\spring 2015\cloud computing\project\operatorsconsole\liveobjects_5\debug\liveobjects_5.tlog\metagen.read.1.tlog
c:\personal data\spring 2015\cloud computing\project\operatorsconsole\liveobjects_5\debug\liveobjects_5.tlog\rc.command.1.tlog
c:\personal data\spring 2015\cloud computing\project\operatorsconsole\liveobjects_5\debug\liveobjects_5.tlog\rc.read.1.tlog
c:\personal data\spring 2015\cloud computing\project\operatorsconsole\liveobjects_5\debug\liveobjects_5.tlog\rc.write.1.tlog
c:\personal data\spring 2015\cloud computing\project\operatorsconsole\liveobjects_5\debug\liveobjects_5.tlog\liveobjects_1.dll.metagen
c:\personal data\spring 2015\cloud computing\project\operatorsconsole\liveobjects_5\debug\liveobjects_5.tlog\liveobjects_4.dll.metagen
c:\personal data\spring 2015\cloud computing\project\operatorsconsole\liveobjects_5\debug\liveobjects_5.tlog\tzres.dll.bi
